[debug] [2023-06-12T21:11:40.140Z] ----------------------------------------------------------------------
[debug] [2023-06-12T21:11:40.143Z] Command:       C:\Program Files\nodejs\node.exe C:\Users\shubh\AppData\Roaming\npm\node_modules\firebase-tools\lib\bin\firebase.js init
[debug] [2023-06-12T21:11:40.143Z] CLI Version:   12.3.1
[debug] [2023-06-12T21:11:40.143Z] Platform:      win32
[debug] [2023-06-12T21:11:40.143Z] Node Version:  v20.1.0
[debug] [2023-06-12T21:11:40.144Z] Time:          Tue Jun 13 2023 02:41:40 GMT+0530 (India Standard Time)
[debug] [2023-06-12T21:11:40.144Z] ----------------------------------------------------------------------
[debug] 
[debug] [2023-06-12T21:11:40.216Z] > command requires scopes: ["email","openid","https://www.googleapis.com/auth/cloudplatformprojects.readonly","https://www.googleapis.com/auth/firebase","https://www.googleapis.com/auth/cloud-platform"]
[debug] [2023-06-12T21:11:40.216Z] > authorizing via signed-in user (shubhbansal44@gmail.com)
[info] 
     ######## #### ########  ######## ########     ###     ######  ########
     ##        ##  ##     ## ##       ##     ##  ##   ##  ##       ##
     ######    ##  ########  ######   ########  #########  ######  ######
     ##        ##  ##    ##  ##       ##     ## ##     ##       ## ##
     ##       #### ##     ## ######## ########  ##     ##  ######  ########

You're about to initialize a Firebase project in this directory:

  F:\projects\superchat

Before we get started, keep in mind:

  * You are initializing within an existing Firebase project directory

